I, [2014-10-10T11:36:42.203435 #31761]  INFO -- Kitchen: -----> Starting Kitchen (v1.2.2.dev)
I, [2014-10-10T11:36:42.606166 #31761]  INFO -- Kitchen: -----> Creating <default-ubuntu-1204>...
I, [2014-10-10T11:37:33.490503 #31761]  INFO -- Kitchen: -----> Converging <default-ubuntu-1204>...
E, [2014-10-10T11:38:20.940238 #31761] ERROR -- Kitchen: Converge failed on instance <default-ubuntu-1204>.
I, [2014-10-10T11:43:17.817484 #31896]  INFO -- Kitchen: -----> Starting Kitchen (v1.2.2.dev)
I, [2014-10-10T11:43:19.130739 #31896]  INFO -- Kitchen: -----> Converging <default-ubuntu-1204>...
E, [2014-10-10T11:43:27.668395 #31896] ERROR -- Kitchen: Converge failed on instance <default-ubuntu-1204>.
I, [2014-10-10T11:55:19.194907 #31920]  INFO -- Kitchen: -----> Starting Kitchen (v1.2.2.dev)
I, [2014-10-10T11:55:20.108322 #31920]  INFO -- Kitchen: -----> Converging <default-ubuntu-1204>...
E, [2014-10-10T11:55:25.283369 #31920] ERROR -- Kitchen: Converge failed on instance <default-ubuntu-1204>.
I, [2014-10-10T12:16:08.083037 #32048]  INFO -- Kitchen: -----> Starting Kitchen (v1.2.2.dev)
I, [2014-10-10T12:16:08.849681 #32048]  INFO -- Kitchen: -----> Converging <default-ubuntu-1204>...
E, [2014-10-10T12:16:13.585598 #32048] ERROR -- Kitchen: Converge failed on instance <default-ubuntu-1204>.
I, [2014-10-10T12:16:36.122100 #32060]  INFO -- Kitchen: -----> Starting Kitchen (v1.2.2.dev)
I, [2014-10-10T12:16:36.898390 #32060]  INFO -- Kitchen: -----> Converging <default-ubuntu-1204>...
E, [2014-10-10T12:16:42.060125 #32060] ERROR -- Kitchen: Converge failed on instance <default-ubuntu-1204>.
I, [2014-10-10T14:13:42.833944 #32214]  INFO -- Kitchen: -----> Starting Kitchen (v1.2.2.dev)
I, [2014-10-10T14:13:43.595583 #32214]  INFO -- Kitchen: -----> Converging <default-ubuntu-1204>...
E, [2014-10-10T14:13:48.496291 #32214] ERROR -- Kitchen: Converge failed on instance <default-ubuntu-1204>.
I, [2014-10-10T14:15:14.090411 #32231]  INFO -- Kitchen: -----> Starting Kitchen (v1.2.2.dev)
I, [2014-10-10T14:15:15.417725 #32231]  INFO -- Kitchen: -----> Converging <default-ubuntu-1204>...
E, [2014-10-10T14:15:26.808985 #32231] ERROR -- Kitchen: Converge failed on instance <default-ubuntu-1204>.
I, [2014-10-10T14:16:25.637302 #32249]  INFO -- Kitchen: -----> Starting Kitchen (v1.2.2.dev)
I, [2014-10-10T14:16:27.204798 #32249]  INFO -- Kitchen: -----> Converging <default-ubuntu-1204>...
E, [2014-10-10T14:16:32.597661 #32249] ERROR -- Kitchen: Converge failed on instance <default-ubuntu-1204>.
I, [2014-10-10T14:26:54.710314 #32270]  INFO -- Kitchen: -----> Starting Kitchen (v1.2.2.dev)
I, [2014-10-10T14:26:56.318779 #32270]  INFO -- Kitchen: -----> Converging <default-ubuntu-1204>...
I, [2014-10-10T14:27:05.683769 #32270]  INFO -- Kitchen: -----> Kitchen is finished. (0m10.97s)
I, [2014-10-10T14:27:38.768194 #32282]  INFO -- Kitchen: -----> Starting Kitchen (v1.2.2.dev)
I, [2014-10-10T14:27:39.680152 #32282]  INFO -- Kitchen: -----> Destroying <default-ubuntu-1204>...
I, [2014-10-10T14:27:46.330812 #32282]  INFO -- Kitchen: -----> Kitchen is finished. (0m7.56s)
